TN:
SF:02-ratelimitter.js
FN:18,requestCounter
FNF:1
FNH:1
FNDA:13,requestCounter
DA:1,1
DA:2,1
DA:3,1
DA:4,1
DA:5,1
DA:6,1
DA:7,1
DA:8,1
DA:9,1
DA:10,1
DA:11,1
DA:12,1
DA:13,1
DA:14,1
DA:15,2
DA:16,1
DA:17,1
DA:18,13
DA:19,13
DA:20,7
DA:21,7
DA:22,7
DA:23,6
DA:24,6
DA:25,6
DA:26,6
DA:27,1
DA:28,1
DA:29,1
DA:30,1
DA:31,6
DA:32,6
DA:33,1
DA:34,1
DA:35,1
DA:36,0
DA:37,1
DA:38,1
DA:39,1
DA:40,1
DA:41,1
LF:41
LH:40
BRDA:14,0,0,2
BRDA:18,1,0,13
BRDA:19,2,0,7
BRDA:23,3,0,6
BRDA:30,4,0,6
BRF:5
BRH:5
end_of_record
